<!DOCTYPE html PUBLIC "-//W3C//DTD XHTML 1.1//EN" "http://www.w3.org/TR/xhtml11/DTD/xhtml11.dtd">
<html xmlns="http://www.w3.org/1999/xhtml"><head><title>TestNG Report</title><style type="text/css">table {margin-bottom:10px;border-collapse:collapse;empty-cells:show}th,td {border:1px solid #009;padding:.25em .5em}th {vertical-align:bottom}td {vertical-align:top}table a {font-weight:bold}.stripe td {background-color: #E6EBF9}.num {text-align:right}.passedodd td {background-color: #3F3}.passedeven td {background-color: #0A0}.skippedodd td {background-color: #DDD}.skippedeven td {background-color: #CCC}.failedodd td,.attn {background-color: #F33}.failedeven td,.stripe .attn {background-color: #D00}.stacktrace {white-space:pre;font-family:monospace}.totop {font-size:85%;text-align:center;border-bottom:2px solid #000}</style></head><body><table><tr><th>Test</th><th># Passed</th><th># Skipped</th><th># Failed</th><th>Time (ms)</th><th>Included Groups</th><th>Excluded Groups</th></tr><tr><th colspan="7">Suite</th></tr><tr><td><a href="#t0">Test</a></td><td class="num">24</td><td class="num">0</td><td class="num attn">9</td><td class="num">208.672</td><td></td><td></td></tr></table><table><thead><tr><th>Class</th><th>Method</th><th>Start</th><th>Time (ms)</th></tr></thead><tbody><tr><th colspan="4">Suite</th></tr></tbody><tbody id="t0"><tr><th colspan="4">Test &#8212; failed</th></tr><tr class="failedeven"><td rowspan="2">com.hurriyetemlak.tests.Case1_Mobile</td><td><a href="#m0">selectBuildingAge</a></td><td rowspan="1">1616959930543</td><td rowspan="1">6089</td></tr><tr class="failedeven"><td><a href="#m1">selectCategoryPart</a></td><td rowspan="1">1616959929428</td><td rowspan="1">1105</td></tr><tr class="failedodd"><td rowspan="2">com.hurriyetemlak.tests.Case1_Web</td><td><a href="#m2">clickSearch</a></td><td rowspan="1">1616959974862</td><td rowspan="1">6099</td></tr><tr class="failedodd"><td><a href="#m3">selectBuildingAge</a></td><td rowspan="1">1616959968691</td><td rowspan="1">6168</td></tr><tr class="failedeven"><td rowspan="1">com.hurriyetemlak.tests.Case2_Mobile</td><td><a href="#m4">selectRooms</a></td><td rowspan="1">1616960078211</td><td rowspan="1">7110</td></tr><tr class="failedodd"><td rowspan="4">com.hurriyetemlak.tests.Case2_Web</td><td><a href="#m5">gotoListingPage</a></td><td rowspan="1">1616960017332</td><td rowspan="1">15046</td></tr><tr class="failedodd"><td><a href="#m6">selectRoom</a></td><td rowspan="1">1616960003988</td><td rowspan="1">7179</td></tr><tr class="failedodd"><td><a href="#m7">selectSearch</a></td><td rowspan="1">1616960011169</td><td rowspan="1">6161</td></tr><tr class="failedodd"><td><a href="#m8">showPhoneNumber</a></td><td rowspan="1">1616960032380</td><td rowspan="1">14034</td></tr><tr><th colspan="4">Test &#8212; passed</th></tr><tr class="passedeven"><td rowspan="7">com.hurriyetemlak.tests.Case1_Mobile</td><td><a href="#m9">gotoFilterSection</a></td><td rowspan="1">1616959913368</td><td rowspan="1">5345</td></tr><tr class="passedeven"><td><a href="#m10">gotoForSalePage</a></td><td rowspan="1">1616959910050</td><td rowspan="1">3315</td></tr><tr class="passedeven"><td><a href="#m11">mobileTest</a></td><td rowspan="1">1616959899761</td><td rowspan="1">10285</td></tr><tr class="passedeven"><td><a href="#m12">selectCityPart</a></td><td rowspan="1">1616959918715</td><td rowspan="1">5087</td></tr><tr class="passedeven"><td><a href="#m13">selectCountyPart</a></td><td rowspan="1">1616959923804</td><td rowspan="1">5622</td></tr><tr class="passedeven"><td><a href="#m14">selectResults</a></td><td rowspan="1">1616959939742</td><td rowspan="1">3178</td></tr><tr class="passedeven"><td><a href="#m15">verifyFilterBar</a></td><td rowspan="1">1616959936634</td><td rowspan="1">3106</td></tr><tr class="passedodd"><td rowspan="5">com.hurriyetemlak.tests.Case1_Web</td><td><a href="#m16">Assertions</a></td><td rowspan="1">1616959980963</td><td rowspan="1">56</td></tr><tr class="passedodd"><td><a href="#m17">BasePageNavigation</a></td><td rowspan="1">1616959942922</td><td rowspan="1">16431</td></tr><tr class="passedodd"><td><a href="#m18">goTo_ForSalePage</a></td><td rowspan="1">1616959959356</td><td rowspan="1">134</td></tr><tr class="passedodd"><td><a href="#m19">selectCityAndCounty</a></td><td rowspan="1">1616959959492</td><td rowspan="1">5737</td></tr><tr class="passedodd"><td><a href="#m20">selectPrices</a></td><td rowspan="1">1616959965231</td><td rowspan="1">3458</td></tr><tr class="passedeven"><td rowspan="8">com.hurriyetemlak.tests.Case2_Mobile</td><td><a href="#m21">callOwner</a></td><td rowspan="1">1616960097786</td><td rowspan="1">5872</td></tr><tr class="passedeven"><td><a href="#m22">gotoFilterSection</a></td><td rowspan="1">1616960062161</td><td rowspan="1">5345</td></tr><tr class="passedeven"><td><a href="#m23">gotoForRentPage</a></td><td rowspan="1">1616960058854</td><td rowspan="1">3306</td></tr><tr class="passedeven"><td><a href="#m24">gotoListingDetailPage</a></td><td rowspan="1">1616960088526</td><td rowspan="1">9259</td></tr><tr class="passedeven"><td><a href="#m25">gotoResults</a></td><td rowspan="1">1616960085322</td><td rowspan="1">3202</td></tr><tr class="passedeven"><td><a href="#m26">mobileTest</a></td><td rowspan="1">1616960046417</td><td rowspan="1">12435</td></tr><tr class="passedeven"><td><a href="#m27">selectCityPart</a></td><td rowspan="1">1616960067507</td><td rowspan="1">5120</td></tr><tr class="passedeven"><td><a href="#m28">selectCountyPart</a></td><td rowspan="1">1616960072635</td><td rowspan="1">5575</td></tr><tr class="passedodd"><td rowspan="4">com.hurriyetemlak.tests.Case2_Web</td><td><a href="#m29">BasePageNavigation</a></td><td rowspan="1">1616959981020</td><td rowspan="1">12371</td></tr><tr class="passedodd"><td><a href="#m30">goTo_ForRentPage</a></td><td rowspan="1">1616959993393</td><td rowspan="1">294</td></tr><tr class="passedodd"><td><a href="#m31">selectCity</a></td><td rowspan="1">1616959993689</td><td rowspan="1">5731</td></tr><tr class="passedodd"><td><a href="#m32">selectCounty</a></td><td rowspan="1">1616959999421</td><td rowspan="1">4566</td></tr></tbody></table><h2>Test</h2><h3 id="m0">com.hurriyetemlak.tests.Case1_Mobile#selectBuildingAge</h3><table class="result"><tr><th>Exception</th></tr><tr><td><div class="stacktrace">org.openqa.selenium.ElementClickInterceptedException: element click intercepted: Element &lt;div class=&quot;custom-select&quot;&gt;...&lt;/div&gt; is not clickable at point (180, 617). Other element would receive the click: &lt;button data-v-3912e85e=&quot;&quot; class=&quot;btn btn-red cardShadow3 get-result&quot;&gt;...&lt;/button&gt;
  (Session info: chrome=89.0.4389.90)
Build info: version: &apos;3.141.59&apos;, revision: &apos;e82be7d358&apos;, time: &apos;2018-11-14T08:17:03&apos;
System info: host: &apos;DESKTOP-J80IKB4&apos;, ip: &apos;192.168.2.216&apos;, os.name: &apos;Windows 10&apos;, os.arch: &apos;amd64&apos;, os.version: &apos;10.0&apos;, java.version: &apos;1.8.0_151&apos;
Driver info: org.openqa.selenium.chrome.ChromeDriver
Capabilities {acceptInsecureCerts: false, browserName: chrome, browserVersion: 89.0.4389.90, chrome: {chromedriverVersion: 89.0.4389.23 (61b08ee2c5002..., userDataDir: C:\Users\hp\AppData\Local\T...}, goog:chromeOptions: {debuggerAddress: localhost:54666}, javascriptEnabled: true, networkConnectionEnabled: false, pageLoadStrategy: normal, platform: WINDOWS, platformName: WINDOWS, proxy: Proxy(), setWindowRect: true, strictFileInteractability: false, timeouts: {implicit: 0, pageLoad: 300000, script: 30000}, unhandledPromptBehavior: dismiss and notify, webauthn:extension:largeBlob: true, webauthn:virtualAuthenticators: true}
Session ID: 70f2f07d16a9cfae9612c13497fe8836
	at org.openqa.selenium.remote.http.W3CHttpResponseCodec.createException(W3CHttpResponseCodec.java:187)
	at org.openqa.selenium.remote.http.W3CHttpResponseCodec.decode(W3CHttpResponseCodec.java:122)
	at org.openqa.selenium.remote.http.W3CHttpResponseCodec.decode(W3CHttpResponseCodec.java:49)
	at org.openqa.selenium.remote.HttpCommandExecutor.execute(HttpCommandExecutor.java:158)
	at org.openqa.selenium.remote.service.DriverCommandExecutor.execute(DriverCommandExecutor.java:83)
	at org.openqa.selenium.remote.RemoteWebDriver.execute(RemoteWebDriver.java:552)
	at org.openqa.selenium.remote.RemoteWebElement.execute(RemoteWebElement.java:285)
	at org.openqa.selenium.remote.RemoteWebElement.click(RemoteWebElement.java:84)
	at org.openqa.selenium.support.pagefactory.internal.LocatingElementHandler.invoke(LocatingElementHandler.java:51)
	at com.sun.proxy.$Proxy5.click(Unknown Source)
	at com.hurriyetemlak.case1.mobile.MobileForSalePage.select_BuildingAge(MobileForSalePage.java:105)
	at com.hurriyetemlak.tests.Case1_Mobile.selectBuildingAge(Case1_Mobile.java:94)
... Removed 33 stack frames</div></td></tr></table><p class="totop"><a href="#summary">back to summary</a></p><h3 id="m1">com.hurriyetemlak.tests.Case1_Mobile#selectCategoryPart</h3><table class="result"><tr><th>Exception</th></tr><tr><td><div class="stacktrace">org.openqa.selenium.ElementClickInterceptedException: element click intercepted: Element &lt;label data-v-e02e77e6=&quot;&quot; for=&quot;category1&quot;&gt;...&lt;/label&gt; is not clickable at point (223, 562). Other element would receive the click: &lt;input data-v-435cd5d8=&quot;&quot; type=&quot;tel&quot; placeholder=&quot; &quot; maxlength=&quot;15&quot; autocomplete=&quot;off&quot; class=&quot;floating-input&quot;&gt;
  (Session info: chrome=89.0.4389.90)
Build info: version: &apos;3.141.59&apos;, revision: &apos;e82be7d358&apos;, time: &apos;2018-11-14T08:17:03&apos;
System info: host: &apos;DESKTOP-J80IKB4&apos;, ip: &apos;192.168.2.216&apos;, os.name: &apos;Windows 10&apos;, os.arch: &apos;amd64&apos;, os.version: &apos;10.0&apos;, java.version: &apos;1.8.0_151&apos;
Driver info: org.openqa.selenium.chrome.ChromeDriver
Capabilities {acceptInsecureCerts: false, browserName: chrome, browserVersion: 89.0.4389.90, chrome: {chromedriverVersion: 89.0.4389.23 (61b08ee2c5002..., userDataDir: C:\Users\hp\AppData\Local\T...}, goog:chromeOptions: {debuggerAddress: localhost:54666}, javascriptEnabled: true, networkConnectionEnabled: false, pageLoadStrategy: normal, platform: WINDOWS, platformName: WINDOWS, proxy: Proxy(), setWindowRect: true, strictFileInteractability: false, timeouts: {implicit: 0, pageLoad: 300000, script: 30000}, unhandledPromptBehavior: dismiss and notify, webauthn:extension:largeBlob: true, webauthn:virtualAuthenticators: true}
Session ID: 70f2f07d16a9cfae9612c13497fe8836
	at org.openqa.selenium.remote.http.W3CHttpResponseCodec.createException(W3CHttpResponseCodec.java:187)
	at org.openqa.selenium.remote.http.W3CHttpResponseCodec.decode(W3CHttpResponseCodec.java:122)
	at org.openqa.selenium.remote.http.W3CHttpResponseCodec.decode(W3CHttpResponseCodec.java:49)
	at org.openqa.selenium.remote.HttpCommandExecutor.execute(HttpCommandExecutor.java:158)
	at org.openqa.selenium.remote.service.DriverCommandExecutor.execute(DriverCommandExecutor.java:83)
	at org.openqa.selenium.remote.RemoteWebDriver.execute(RemoteWebDriver.java:552)
	at org.openqa.selenium.remote.RemoteWebElement.execute(RemoteWebElement.java:285)
	at org.openqa.selenium.remote.RemoteWebElement.click(RemoteWebElement.java:84)
	at org.openqa.selenium.support.pagefactory.internal.LocatingElementHandler.invoke(LocatingElementHandler.java:51)
	at com.sun.proxy.$Proxy5.click(Unknown Source)
	at com.hurriyetemlak.case1.mobile.MobileForSalePage.select_Category(MobileForSalePage.java:85)
	at com.hurriyetemlak.tests.Case1_Mobile.selectCategoryPart(Case1_Mobile.java:78)
... Removed 33 stack frames</div></td></tr></table><p class="totop"><a href="#summary">back to summary</a></p><h3 id="m2">com.hurriyetemlak.tests.Case1_Web#clickSearch</h3><table class="result"><tr><th>Exception</th></tr><tr><td><div class="stacktrace">org.openqa.selenium.ElementClickInterceptedException: element click intercepted: Element &lt;a data-v-1147ab14=&quot;&quot; href=&quot;javascript:void(0)&quot; class=&quot;btn btn-red btn-large&quot;&gt;...&lt;/a&gt; is not clickable at point (105, 580). Other element would receive the click: &lt;p&gt;...&lt;/p&gt;
  (Session info: chrome=89.0.4389.90)
Build info: version: &apos;3.141.59&apos;, revision: &apos;e82be7d358&apos;, time: &apos;2018-11-14T08:17:03&apos;
System info: host: &apos;DESKTOP-J80IKB4&apos;, ip: &apos;192.168.2.216&apos;, os.name: &apos;Windows 10&apos;, os.arch: &apos;amd64&apos;, os.version: &apos;10.0&apos;, java.version: &apos;1.8.0_151&apos;
Driver info: org.openqa.selenium.chrome.ChromeDriver
Capabilities {acceptInsecureCerts: false, browserName: chrome, browserVersion: 89.0.4389.90, chrome: {chromedriverVersion: 89.0.4389.23 (61b08ee2c5002..., userDataDir: C:\Users\hp\AppData\Local\T...}, goog:chromeOptions: {debuggerAddress: localhost:54727}, javascriptEnabled: true, networkConnectionEnabled: false, pageLoadStrategy: normal, platform: WINDOWS, platformName: WINDOWS, proxy: Proxy(), setWindowRect: true, strictFileInteractability: false, timeouts: {implicit: 0, pageLoad: 300000, script: 30000}, unhandledPromptBehavior: dismiss and notify, webauthn:extension:largeBlob: true, webauthn:virtualAuthenticators: true}
Session ID: dac5c284804d6767293bb08e5b990d0f
	at org.openqa.selenium.remote.http.W3CHttpResponseCodec.createException(W3CHttpResponseCodec.java:187)
	at org.openqa.selenium.remote.http.W3CHttpResponseCodec.decode(W3CHttpResponseCodec.java:122)
	at org.openqa.selenium.remote.http.W3CHttpResponseCodec.decode(W3CHttpResponseCodec.java:49)
	at org.openqa.selenium.remote.HttpCommandExecutor.execute(HttpCommandExecutor.java:158)
	at org.openqa.selenium.remote.service.DriverCommandExecutor.execute(DriverCommandExecutor.java:83)
	at org.openqa.selenium.remote.RemoteWebDriver.execute(RemoteWebDriver.java:552)
	at org.openqa.selenium.remote.RemoteWebElement.execute(RemoteWebElement.java:285)
	at org.openqa.selenium.remote.RemoteWebElement.click(RemoteWebElement.java:84)
	at org.openqa.selenium.support.pagefactory.internal.LocatingElementHandler.invoke(LocatingElementHandler.java:51)
	at com.sun.proxy.$Proxy5.click(Unknown Source)
	at com.hurriyetemlak.case1.web.ForSalePage.click_Search(ForSalePage.java:109)
	at com.hurriyetemlak.tests.Case1_Web.clickSearch(Case1_Web.java:57)
... Removed 33 stack frames</div></td></tr></table><p class="totop"><a href="#summary">back to summary</a></p><h3 id="m3">com.hurriyetemlak.tests.Case1_Web#selectBuildingAge</h3><table class="result"><tr><th>Exception</th></tr><tr><td><div class="stacktrace">org.openqa.selenium.ElementClickInterceptedException: element click intercepted: Element &lt;div data-v-16cb5d12=&quot;&quot; class=&quot;c-title&quot;&gt;...&lt;/div&gt; is not clickable at point (181, 572). Other element would receive the click: &lt;p&gt;...&lt;/p&gt;
  (Session info: chrome=89.0.4389.90)
Build info: version: &apos;3.141.59&apos;, revision: &apos;e82be7d358&apos;, time: &apos;2018-11-14T08:17:03&apos;
System info: host: &apos;DESKTOP-J80IKB4&apos;, ip: &apos;192.168.2.216&apos;, os.name: &apos;Windows 10&apos;, os.arch: &apos;amd64&apos;, os.version: &apos;10.0&apos;, java.version: &apos;1.8.0_151&apos;
Driver info: org.openqa.selenium.chrome.ChromeDriver
Capabilities {acceptInsecureCerts: false, browserName: chrome, browserVersion: 89.0.4389.90, chrome: {chromedriverVersion: 89.0.4389.23 (61b08ee2c5002..., userDataDir: C:\Users\hp\AppData\Local\T...}, goog:chromeOptions: {debuggerAddress: localhost:54727}, javascriptEnabled: true, networkConnectionEnabled: false, pageLoadStrategy: normal, platform: WINDOWS, platformName: WINDOWS, proxy: Proxy(), setWindowRect: true, strictFileInteractability: false, timeouts: {implicit: 0, pageLoad: 300000, script: 30000}, unhandledPromptBehavior: dismiss and notify, webauthn:extension:largeBlob: true, webauthn:virtualAuthenticators: true}
Session ID: dac5c284804d6767293bb08e5b990d0f
	at org.openqa.selenium.remote.http.W3CHttpResponseCodec.createException(W3CHttpResponseCodec.java:187)
	at org.openqa.selenium.remote.http.W3CHttpResponseCodec.decode(W3CHttpResponseCodec.java:122)
	at org.openqa.selenium.remote.http.W3CHttpResponseCodec.decode(W3CHttpResponseCodec.java:49)
	at org.openqa.selenium.remote.HttpCommandExecutor.execute(HttpCommandExecutor.java:158)
	at org.openqa.selenium.remote.service.DriverCommandExecutor.execute(DriverCommandExecutor.java:83)
	at org.openqa.selenium.remote.RemoteWebDriver.execute(RemoteWebDriver.java:552)
	at org.openqa.selenium.remote.RemoteWebElement.execute(RemoteWebElement.java:285)
	at org.openqa.selenium.remote.RemoteWebElement.click(RemoteWebElement.java:84)
	at org.openqa.selenium.support.pagefactory.internal.LocatingElementHandler.invoke(LocatingElementHandler.java:51)
	at com.sun.proxy.$Proxy5.click(Unknown Source)
	at com.hurriyetemlak.case1.web.ForSalePage.select_BuildingAge(ForSalePage.java:97)
	at com.hurriyetemlak.tests.Case1_Web.selectBuildingAge(Case1_Web.java:50)
... Removed 33 stack frames</div></td></tr></table><p class="totop"><a href="#summary">back to summary</a></p><h3 id="m4">com.hurriyetemlak.tests.Case2_Mobile#selectRooms</h3><table class="result"><tr><th>Exception</th></tr><tr><td><div class="stacktrace">org.openqa.selenium.ElementClickInterceptedException: element click intercepted: Element &lt;span&gt;...&lt;/span&gt; is not clickable at point (73, 630). Other element would receive the click: &lt;div data-v-3912e85e=&quot;&quot; class=&quot;filter-button&quot;&gt;...&lt;/div&gt;
  (Session info: chrome=89.0.4389.90)
Build info: version: &apos;3.141.59&apos;, revision: &apos;e82be7d358&apos;, time: &apos;2018-11-14T08:17:03&apos;
System info: host: &apos;DESKTOP-J80IKB4&apos;, ip: &apos;192.168.2.216&apos;, os.name: &apos;Windows 10&apos;, os.arch: &apos;amd64&apos;, os.version: &apos;10.0&apos;, java.version: &apos;1.8.0_151&apos;
Driver info: org.openqa.selenium.chrome.ChromeDriver
Capabilities {acceptInsecureCerts: false, browserName: chrome, browserVersion: 89.0.4389.90, chrome: {chromedriverVersion: 89.0.4389.23 (61b08ee2c5002..., userDataDir: C:\Users\hp\AppData\Local\T...}, goog:chromeOptions: {debuggerAddress: localhost:55069}, javascriptEnabled: true, networkConnectionEnabled: false, pageLoadStrategy: normal, platform: WINDOWS, platformName: WINDOWS, proxy: Proxy(), setWindowRect: true, strictFileInteractability: false, timeouts: {implicit: 0, pageLoad: 300000, script: 30000}, unhandledPromptBehavior: dismiss and notify, webauthn:extension:largeBlob: true, webauthn:virtualAuthenticators: true}
Session ID: 09339949fbf37e90d066dc13178295db
	at org.openqa.selenium.remote.http.W3CHttpResponseCodec.createException(W3CHttpResponseCodec.java:187)
	at org.openqa.selenium.remote.http.W3CHttpResponseCodec.decode(W3CHttpResponseCodec.java:122)
	at org.openqa.selenium.remote.http.W3CHttpResponseCodec.decode(W3CHttpResponseCodec.java:49)
	at org.openqa.selenium.remote.HttpCommandExecutor.execute(HttpCommandExecutor.java:158)
	at org.openqa.selenium.remote.service.DriverCommandExecutor.execute(DriverCommandExecutor.java:83)
	at org.openqa.selenium.remote.RemoteWebDriver.execute(RemoteWebDriver.java:552)
	at org.openqa.selenium.remote.RemoteWebElement.execute(RemoteWebElement.java:285)
	at org.openqa.selenium.remote.RemoteWebElement.click(RemoteWebElement.java:84)
	at org.openqa.selenium.support.pagefactory.internal.LocatingElementHandler.invoke(LocatingElementHandler.java:51)
	at com.sun.proxy.$Proxy5.click(Unknown Source)
	at com.hurriyetemlak.case2.mobile.MobileForRentPage.select_Rooms(MobileForRentPage.java:75)
	at com.hurriyetemlak.tests.Case2_Mobile.selectRooms(Case2_Mobile.java:78)
... Removed 32 stack frames</div></td></tr></table><p class="totop"><a href="#summary">back to summary</a></p><h3 id="m5">com.hurriyetemlak.tests.Case2_Web#gotoListingPage</h3><table class="result"><tr><th>Exception</th></tr><tr><td><div class="stacktrace">org.openqa.selenium.NoSuchElementException: no such element: Unable to locate element: {&quot;method&quot;:&quot;css selector&quot;,&quot;selector&quot;:&quot;#\34 110\-2072&quot;}
  (Session info: chrome=89.0.4389.90)
For documentation on this error, please visit: https://www.seleniumhq.org/exceptions/no_such_element.html
Build info: version: &apos;3.141.59&apos;, revision: &apos;e82be7d358&apos;, time: &apos;2018-11-14T08:17:03&apos;
System info: host: &apos;DESKTOP-J80IKB4&apos;, ip: &apos;192.168.2.216&apos;, os.name: &apos;Windows 10&apos;, os.arch: &apos;amd64&apos;, os.version: &apos;10.0&apos;, java.version: &apos;1.8.0_151&apos;
Driver info: org.openqa.selenium.chrome.ChromeDriver
Capabilities {acceptInsecureCerts: false, browserName: chrome, browserVersion: 89.0.4389.90, chrome: {chromedriverVersion: 89.0.4389.23 (61b08ee2c5002..., userDataDir: C:\Users\hp\AppData\Local\T...}, goog:chromeOptions: {debuggerAddress: localhost:54866}, javascriptEnabled: true, networkConnectionEnabled: false, pageLoadStrategy: normal, platform: WINDOWS, platformName: WINDOWS, proxy: Proxy(), setWindowRect: true, strictFileInteractability: false, timeouts: {implicit: 0, pageLoad: 300000, script: 30000}, unhandledPromptBehavior: dismiss and notify, webauthn:extension:largeBlob: true, webauthn:virtualAuthenticators: true}
Session ID: 5501d41d8a81dadffb7463865e74d403
*** Element info: {Using=id, value=4110-2072}
	at org.openqa.selenium.remote.http.W3CHttpResponseCodec.createException(W3CHttpResponseCodec.java:187)
	at org.openqa.selenium.remote.http.W3CHttpResponseCodec.decode(W3CHttpResponseCodec.java:122)
	at org.openqa.selenium.remote.http.W3CHttpResponseCodec.decode(W3CHttpResponseCodec.java:49)
	at org.openqa.selenium.remote.HttpCommandExecutor.execute(HttpCommandExecutor.java:158)
	at org.openqa.selenium.remote.service.DriverCommandExecutor.execute(DriverCommandExecutor.java:83)
	at org.openqa.selenium.remote.RemoteWebDriver.execute(RemoteWebDriver.java:552)
	at org.openqa.selenium.remote.RemoteWebDriver.findElement(RemoteWebDriver.java:323)
	at org.openqa.selenium.remote.RemoteWebDriver.findElementById(RemoteWebDriver.java:372)
	at org.openqa.selenium.By$ById.findElement(By.java:188)
	at org.openqa.selenium.remote.RemoteWebDriver.findElement(RemoteWebDriver.java:315)
	at org.openqa.selenium.support.pagefactory.DefaultElementLocator.findElement(DefaultElementLocator.java:69)
	at org.openqa.selenium.support.pagefactory.internal.LocatingElementHandler.invoke(LocatingElementHandler.java:38)
	at com.sun.proxy.$Proxy5.click(Unknown Source)
	at com.hurriyetemlak.case2.web.ForRentPage.goto_ListingPage(ForRentPage.java:96)
	at com.hurriyetemlak.tests.Case2_Web.gotoListingPage(Case2_Web.java:62)
... Removed 29 stack frames</div></td></tr></table><p class="totop"><a href="#summary">back to summary</a></p><h3 id="m6">com.hurriyetemlak.tests.Case2_Web#selectRoom</h3><table class="result"><tr><th>Exception</th></tr><tr><td><div class="stacktrace">org.openqa.selenium.ElementClickInterceptedException: element click intercepted: Element &lt;div class=&quot;filter-item-inner&quot;&gt;...&lt;/div&gt; is not clickable at point (181, 590). Other element would receive the click: &lt;section data-v-52eeef21=&quot;&quot; class=&quot;cookie-policy&quot;&gt;...&lt;/section&gt;
  (Session info: chrome=89.0.4389.90)
Build info: version: &apos;3.141.59&apos;, revision: &apos;e82be7d358&apos;, time: &apos;2018-11-14T08:17:03&apos;
System info: host: &apos;DESKTOP-J80IKB4&apos;, ip: &apos;192.168.2.216&apos;, os.name: &apos;Windows 10&apos;, os.arch: &apos;amd64&apos;, os.version: &apos;10.0&apos;, java.version: &apos;1.8.0_151&apos;
Driver info: org.openqa.selenium.chrome.ChromeDriver
Capabilities {acceptInsecureCerts: false, browserName: chrome, browserVersion: 89.0.4389.90, chrome: {chromedriverVersion: 89.0.4389.23 (61b08ee2c5002..., userDataDir: C:\Users\hp\AppData\Local\T...}, goog:chromeOptions: {debuggerAddress: localhost:54866}, javascriptEnabled: true, networkConnectionEnabled: false, pageLoadStrategy: normal, platform: WINDOWS, platformName: WINDOWS, proxy: Proxy(), setWindowRect: true, strictFileInteractability: false, timeouts: {implicit: 0, pageLoad: 300000, script: 30000}, unhandledPromptBehavior: dismiss and notify, webauthn:extension:largeBlob: true, webauthn:virtualAuthenticators: true}
Session ID: 5501d41d8a81dadffb7463865e74d403
	at org.openqa.selenium.remote.http.W3CHttpResponseCodec.createException(W3CHttpResponseCodec.java:187)
	at org.openqa.selenium.remote.http.W3CHttpResponseCodec.decode(W3CHttpResponseCodec.java:122)
	at org.openqa.selenium.remote.http.W3CHttpResponseCodec.decode(W3CHttpResponseCodec.java:49)
	at org.openqa.selenium.remote.HttpCommandExecutor.execute(HttpCommandExecutor.java:158)
	at org.openqa.selenium.remote.service.DriverCommandExecutor.execute(DriverCommandExecutor.java:83)
	at org.openqa.selenium.remote.RemoteWebDriver.execute(RemoteWebDriver.java:552)
	at org.openqa.selenium.remote.RemoteWebElement.execute(RemoteWebElement.java:285)
	at org.openqa.selenium.remote.RemoteWebElement.click(RemoteWebElement.java:84)
	at org.openqa.selenium.support.pagefactory.internal.LocatingElementHandler.invoke(LocatingElementHandler.java:51)
	at com.sun.proxy.$Proxy5.click(Unknown Source)
	at com.hurriyetemlak.case2.web.ForRentPage.select_Room(ForRentPage.java:79)
	at com.hurriyetemlak.tests.Case2_Web.selectRoom(Case2_Web.java:48)
... Removed 32 stack frames</div></td></tr></table><p class="totop"><a href="#summary">back to summary</a></p><h3 id="m7">com.hurriyetemlak.tests.Case2_Web#selectSearch</h3><table class="result"><tr><th>Exception</th></tr><tr><td><div class="stacktrace">org.openqa.selenium.ElementClickInterceptedException: element click intercepted: Element &lt;a data-v-1147ab14=&quot;&quot; href=&quot;javascript:void(0)&quot; class=&quot;btn btn-red btn-large&quot;&gt;...&lt;/a&gt; is not clickable at point (105, 580). Other element would receive the click: &lt;p&gt;...&lt;/p&gt;
  (Session info: chrome=89.0.4389.90)
Build info: version: &apos;3.141.59&apos;, revision: &apos;e82be7d358&apos;, time: &apos;2018-11-14T08:17:03&apos;
System info: host: &apos;DESKTOP-J80IKB4&apos;, ip: &apos;192.168.2.216&apos;, os.name: &apos;Windows 10&apos;, os.arch: &apos;amd64&apos;, os.version: &apos;10.0&apos;, java.version: &apos;1.8.0_151&apos;
Driver info: org.openqa.selenium.chrome.ChromeDriver
Capabilities {acceptInsecureCerts: false, browserName: chrome, browserVersion: 89.0.4389.90, chrome: {chromedriverVersion: 89.0.4389.23 (61b08ee2c5002..., userDataDir: C:\Users\hp\AppData\Local\T...}, goog:chromeOptions: {debuggerAddress: localhost:54866}, javascriptEnabled: true, networkConnectionEnabled: false, pageLoadStrategy: normal, platform: WINDOWS, platformName: WINDOWS, proxy: Proxy(), setWindowRect: true, strictFileInteractability: false, timeouts: {implicit: 0, pageLoad: 300000, script: 30000}, unhandledPromptBehavior: dismiss and notify, webauthn:extension:largeBlob: true, webauthn:virtualAuthenticators: true}
Session ID: 5501d41d8a81dadffb7463865e74d403
	at org.openqa.selenium.remote.http.W3CHttpResponseCodec.createException(W3CHttpResponseCodec.java:187)
	at org.openqa.selenium.remote.http.W3CHttpResponseCodec.decode(W3CHttpResponseCodec.java:122)
	at org.openqa.selenium.remote.http.W3CHttpResponseCodec.decode(W3CHttpResponseCodec.java:49)
	at org.openqa.selenium.remote.HttpCommandExecutor.execute(HttpCommandExecutor.java:158)
	at org.openqa.selenium.remote.service.DriverCommandExecutor.execute(DriverCommandExecutor.java:83)
	at org.openqa.selenium.remote.RemoteWebDriver.execute(RemoteWebDriver.java:552)
	at org.openqa.selenium.remote.RemoteWebElement.execute(RemoteWebElement.java:285)
	at org.openqa.selenium.remote.RemoteWebElement.click(RemoteWebElement.java:84)
	at org.openqa.selenium.support.pagefactory.internal.LocatingElementHandler.invoke(LocatingElementHandler.java:51)
	at com.sun.proxy.$Proxy5.click(Unknown Source)
	at com.hurriyetemlak.case2.web.ForRentPage.search_All(ForRentPage.java:88)
	at com.hurriyetemlak.tests.Case2_Web.selectSearch(Case2_Web.java:55)
... Removed 32 stack frames</div></td></tr></table><p class="totop"><a href="#summary">back to summary</a></p><h3 id="m8">com.hurriyetemlak.tests.Case2_Web#showPhoneNumber</h3><table class="result"><tr><th>Exception</th></tr><tr><td><div class="stacktrace">org.openqa.selenium.NoSuchElementException: no such element: Unable to locate element: {&quot;method&quot;:&quot;xpath&quot;,&quot;selector&quot;:&quot;//*[contains(text(),&apos;Telefon Numarasýný Göster&apos;)]&quot;}
  (Session info: chrome=89.0.4389.90)
For documentation on this error, please visit: https://www.seleniumhq.org/exceptions/no_such_element.html
Build info: version: &apos;3.141.59&apos;, revision: &apos;e82be7d358&apos;, time: &apos;2018-11-14T08:17:03&apos;
System info: host: &apos;DESKTOP-J80IKB4&apos;, ip: &apos;192.168.2.216&apos;, os.name: &apos;Windows 10&apos;, os.arch: &apos;amd64&apos;, os.version: &apos;10.0&apos;, java.version: &apos;1.8.0_151&apos;
Driver info: org.openqa.selenium.chrome.ChromeDriver
Capabilities {acceptInsecureCerts: false, browserName: chrome, browserVersion: 89.0.4389.90, chrome: {chromedriverVersion: 89.0.4389.23 (61b08ee2c5002..., userDataDir: C:\Users\hp\AppData\Local\T...}, goog:chromeOptions: {debuggerAddress: localhost:54866}, javascriptEnabled: true, networkConnectionEnabled: false, pageLoadStrategy: normal, platform: WINDOWS, platformName: WINDOWS, proxy: Proxy(), setWindowRect: true, strictFileInteractability: false, timeouts: {implicit: 0, pageLoad: 300000, script: 30000}, unhandledPromptBehavior: dismiss and notify, webauthn:extension:largeBlob: true, webauthn:virtualAuthenticators: true}
Session ID: 5501d41d8a81dadffb7463865e74d403
*** Element info: {Using=xpath, value=//*[contains(text(),&apos;Telefon Numarasýný Göster&apos;)]}
	at org.openqa.selenium.remote.http.W3CHttpResponseCodec.createException(W3CHttpResponseCodec.java:187)
	at org.openqa.selenium.remote.http.W3CHttpResponseCodec.decode(W3CHttpResponseCodec.java:122)
	at org.openqa.selenium.remote.http.W3CHttpResponseCodec.decode(W3CHttpResponseCodec.java:49)
	at org.openqa.selenium.remote.HttpCommandExecutor.execute(HttpCommandExecutor.java:158)
	at org.openqa.selenium.remote.service.DriverCommandExecutor.execute(DriverCommandExecutor.java:83)
	at org.openqa.selenium.remote.RemoteWebDriver.execute(RemoteWebDriver.java:552)
	at org.openqa.selenium.remote.RemoteWebDriver.findElement(RemoteWebDriver.java:323)
	at org.openqa.selenium.remote.RemoteWebDriver.findElementByXPath(RemoteWebDriver.java:428)
	at org.openqa.selenium.By$ByXPath.findElement(By.java:353)
	at org.openqa.selenium.remote.RemoteWebDriver.findElement(RemoteWebDriver.java:315)
	at org.openqa.selenium.support.pagefactory.DefaultElementLocator.findElement(DefaultElementLocator.java:69)
	at org.openqa.selenium.support.pagefactory.internal.LocatingElementHandler.invoke(LocatingElementHandler.java:38)
	at com.sun.proxy.$Proxy5.click(Unknown Source)
	at com.hurriyetemlak.case2.web.ListingDetailPage.click_ShowPhoneNumber(ListingDetailPage.java:32)
	at com.hurriyetemlak.tests.Case2_Web.showPhoneNumber(Case2_Web.java:69)
... Removed 29 stack frames</div></td></tr></table><p class="totop"><a href="#summary">back to summary</a></p><h3 id="m9">com.hurriyetemlak.tests.Case1_Mobile#gotoFilterSection</h3><table class="result"></table><p class="totop"><a href="#summary">back to summary</a></p><h3 id="m10">com.hurriyetemlak.tests.Case1_Mobile#gotoForSalePage</h3><table class="result"></table><p class="totop"><a href="#summary">back to summary</a></p><h3 id="m11">com.hurriyetemlak.tests.Case1_Mobile#mobileTest</h3><table class="result"></table><p class="totop"><a href="#summary">back to summary</a></p><h3 id="m12">com.hurriyetemlak.tests.Case1_Mobile#selectCityPart</h3><table class="result"></table><p class="totop"><a href="#summary">back to summary</a></p><h3 id="m13">com.hurriyetemlak.tests.Case1_Mobile#selectCountyPart</h3><table class="result"></table><p class="totop"><a href="#summary">back to summary</a></p><h3 id="m14">com.hurriyetemlak.tests.Case1_Mobile#selectResults</h3><table class="result"></table><p class="totop"><a href="#summary">back to summary</a></p><h3 id="m15">com.hurriyetemlak.tests.Case1_Mobile#verifyFilterBar</h3><table class="result"></table><p class="totop"><a href="#summary">back to summary</a></p><h3 id="m16">com.hurriyetemlak.tests.Case1_Web#Assertions</h3><table class="result"></table><p class="totop"><a href="#summary">back to summary</a></p><h3 id="m17">com.hurriyetemlak.tests.Case1_Web#BasePageNavigation</h3><table class="result"></table><p class="totop"><a href="#summary">back to summary</a></p><h3 id="m18">com.hurriyetemlak.tests.Case1_Web#goTo_ForSalePage</h3><table class="result"></table><p class="totop"><a href="#summary">back to summary</a></p><h3 id="m19">com.hurriyetemlak.tests.Case1_Web#selectCityAndCounty</h3><table class="result"></table><p class="totop"><a href="#summary">back to summary</a></p><h3 id="m20">com.hurriyetemlak.tests.Case1_Web#selectPrices</h3><table class="result"></table><p class="totop"><a href="#summary">back to summary</a></p><h3 id="m21">com.hurriyetemlak.tests.Case2_Mobile#callOwner</h3><table class="result"></table><p class="totop"><a href="#summary">back to summary</a></p><h3 id="m22">com.hurriyetemlak.tests.Case2_Mobile#gotoFilterSection</h3><table class="result"></table><p class="totop"><a href="#summary">back to summary</a></p><h3 id="m23">com.hurriyetemlak.tests.Case2_Mobile#gotoForRentPage</h3><table class="result"></table><p class="totop"><a href="#summary">back to summary</a></p><h3 id="m24">com.hurriyetemlak.tests.Case2_Mobile#gotoListingDetailPage</h3><table class="result"></table><p class="totop"><a href="#summary">back to summary</a></p><h3 id="m25">com.hurriyetemlak.tests.Case2_Mobile#gotoResults</h3><table class="result"></table><p class="totop"><a href="#summary">back to summary</a></p><h3 id="m26">com.hurriyetemlak.tests.Case2_Mobile#mobileTest</h3><table class="result"></table><p class="totop"><a href="#summary">back to summary</a></p><h3 id="m27">com.hurriyetemlak.tests.Case2_Mobile#selectCityPart</h3><table class="result"></table><p class="totop"><a href="#summary">back to summary</a></p><h3 id="m28">com.hurriyetemlak.tests.Case2_Mobile#selectCountyPart</h3><table class="result"></table><p class="totop"><a href="#summary">back to summary</a></p><h3 id="m29">com.hurriyetemlak.tests.Case2_Web#BasePageNavigation</h3><table class="result"></table><p class="totop"><a href="#summary">back to summary</a></p><h3 id="m30">com.hurriyetemlak.tests.Case2_Web#goTo_ForRentPage</h3><table class="result"></table><p class="totop"><a href="#summary">back to summary</a></p><h3 id="m31">com.hurriyetemlak.tests.Case2_Web#selectCity</h3><table class="result"></table><p class="totop"><a href="#summary">back to summary</a></p><h3 id="m32">com.hurriyetemlak.tests.Case2_Web#selectCounty</h3><table class="result"></table><p class="totop"><a href="#summary">back to summary</a></p></body></html>